<?xml version="1.0" encoding="UTF-8"?>
<!-- Generated by org.testng.reporters.JUnitXMLReporter -->
<testsuite ignored="0" hostname="DESKTOP-ROHIT" failures="0" tests="1" name="Default test(failed)" time="132.925" errors="0" timestamp="2023-02-23T16:34:19 IST">
  <testcase classname="Android_Compassion_Apk.Base_Class" name="@BeforeMethod SetupApplication" time="132.53">
    <failure type="org.openqa.selenium.NoSuchElementException" message="An element could not be located on the page using the given search parameters.
For documentation on this error, please visit: https://selenium.dev/exceptions/#no_such_element
Build info: version: &amp;apos;4.1.3&amp;apos;, revision: &amp;apos;7b1ebf28ef&amp;apos;
System info: host: &amp;apos;DESKTOP-ROHIT&amp;apos;, ip: &amp;apos;192.168.46.38&amp;apos;, os.name: &amp;apos;Windows 10&amp;apos;, os.arch: &amp;apos;amd64&amp;apos;, os.version: &amp;apos;10.0&amp;apos;, java.version: &amp;apos;11.0.18&amp;apos;
Driver info: io.appium.java_client.android.AndroidDriver
Command: [a0bbd912-6b37-4d14-a2b4-193d42c30537, findElement {using=xpath, value=//androidx.appcompat.app.ActionBar.Tab[@content-desc=&amp;quot;Home Hub&amp;quot;]}]
Capabilities {appium:app: C:\Users\ABC\Downloads\app-..., appium:appPackage: com.geecon.compassionuk_dev, appium:databaseEnabled: false, appium:desired: {app: C:\Users\ABC\Downloads\app-..., deviceName: Android Emulator, platformName: android}, appium:deviceApiLevel: 33, appium:deviceManufacturer: Google, appium:deviceModel: sdk_gphone64_x86_64, appium:deviceName: emulator-5554, appium:deviceScreenDensity: 560, appium:deviceScreenSize: 1440x2560, appium:deviceUDID: emulator-5554, appium:javascriptEnabled: true, appium:locationContextEnabled: false, appium:networkConnectionEnabled: true, appium:pixelRatio: 3.5, appium:platformVersion: 13, appium:statBarHeight: 84, appium:takesScreenshot: true, appium:viewportRect: {height: 2392, left: 0, top: 84, width: 1440}, appium:warnings: {}, appium:webStorageEnabled: false, platformName: android}
Session ID: a0bbd912-6b37-4d14-a2b4-193d42c30537">
      <![CDATA[org.openqa.selenium.NoSuchElementException: An element could not be located on the page using the given search parameters.
For documentation on this error, please visit: https://selenium.dev/exceptions/#no_such_element
Build info: version: '4.1.3', revision: '7b1ebf28ef'
System info: host: 'DESKTOP-ROHIT', ip: '192.168.46.38', os.name: 'Windows 10', os.arch: 'amd64', os.version: '10.0', java.version: '11.0.18'
Driver info: io.appium.java_client.android.AndroidDriver
Command: [a0bbd912-6b37-4d14-a2b4-193d42c30537, findElement {using=xpath, value=//androidx.appcompat.app.ActionBar.Tab[@content-desc="Home Hub"]}]
Capabilities {appium:app: C:\Users\ABC\Downloads\app-..., appium:appPackage: com.geecon.compassionuk_dev, appium:databaseEnabled: false, appium:desired: {app: C:\Users\ABC\Downloads\app-..., deviceName: Android Emulator, platformName: android}, appium:deviceApiLevel: 33, appium:deviceManufacturer: Google, appium:deviceModel: sdk_gphone64_x86_64, appium:deviceName: emulator-5554, appium:deviceScreenDensity: 560, appium:deviceScreenSize: 1440x2560, appium:deviceUDID: emulator-5554, appium:javascriptEnabled: true, appium:locationContextEnabled: false, appium:networkConnectionEnabled: true, appium:pixelRatio: 3.5, appium:platformVersion: 13, appium:statBarHeight: 84, appium:takesScreenshot: true, appium:viewportRect: {height: 2392, left: 0, top: 84, width: 1440}, appium:warnings: {}, appium:webStorageEnabled: false, platformName: android}
Session ID: a0bbd912-6b37-4d14-a2b4-193d42c30537
at org.openqa.selenium.remote.codec.w3c.W3CHttpResponseCodec.createException(W3CHttpResponseCodec.java:200)
at org.openqa.selenium.remote.codec.w3c.W3CHttpResponseCodec.decode(W3CHttpResponseCodec.java:133)
at org.openqa.selenium.remote.codec.w3c.W3CHttpResponseCodec.decode(W3CHttpResponseCodec.java:53)
at org.openqa.selenium.remote.HttpCommandExecutor.execute(HttpCommandExecutor.java:184)
at io.appium.java_client.remote.AppiumCommandExecutor.execute(AppiumCommandExecutor.java:180)
at org.openqa.selenium.remote.RemoteWebDriver.execute(RemoteWebDriver.java:567)
at org.openqa.selenium.remote.ElementLocation$ElementFinder$2.findElement(ElementLocation.java:162)
at org.openqa.selenium.remote.ElementLocation.findElement(ElementLocation.java:60)
at org.openqa.selenium.remote.RemoteWebDriver.findElement(RemoteWebDriver.java:385)
at org.openqa.selenium.remote.RemoteWebDriver.findElement(RemoteWebDriver.java:377)
at Android_Compassion_Apk.Base_Class.SetupApplication(Base_Class.java:157)
at java.base/java.util.ArrayList.forEach(ArrayList.java:1541)
... Removed 34 stack frames]]>
    </failure>
  </testcase> <!-- @BeforeMethod SetupApplication -->
  <testcase classname="Android_Compassion_Apk.Base_Class" name="@AfterMethod CloseApllication" time="0.0">
    <skipped/>
  </testcase> <!-- @AfterMethod CloseApllication -->
  <testcase classname="Android_Compassion_Apk.Postal_Address" name="postal_Add" time="0.0">
    <skipped/>
  </testcase> <!-- postal_Add -->
</testsuite> <!-- Default test(failed) -->
